27 Feb 2026 - 23:06:13.343 - com.epam.gym.GymApplication -  INFO  - Starting GymApplication using Java 21.0.9 with PID 8508 (G:\PROGRAMMING\Java Projects\epam_gym\gym\target\classes started by Sanjar in G:\PROGRAMMING\Java Projects\epam_gym\gym)
27 Feb 2026 - 23:06:13.358 - com.epam.gym.GymApplication -  INFO  - No active profile set, falling back to 1 default profile: "default"
27 Feb 2026 - 23:06:14.278 - o.s.d.r.c.RepositoryConfigurationDelegate -  INFO  - Bootstrapping Spring Data JPA repositories in DEFAULT mode.
27 Feb 2026 - 23:06:14.354 - o.s.d.r.c.RepositoryConfigurationDelegate -  INFO  - Finished Spring Data repository scanning in 65 ms. Found 6 JPA repository interfaces.
27 Feb 2026 - 23:06:14.908 - o.s.boot.tomcat.TomcatWebServer -  INFO  - Tomcat initialized with port 8080 (http)
27 Feb 2026 - 23:06:14.924 - o.a.catalina.core.StandardService -  INFO  - Starting service [Tomcat]
27 Feb 2026 - 23:06:14.924 - o.a.catalina.core.StandardEngine -  INFO  - Starting Servlet engine: [Apache Tomcat/11.0.15]
27 Feb 2026 - 23:06:14.981 - o.s.b.w.c.s.WebApplicationContextInitializer -  INFO  - Root WebApplicationContext: initialization completed in 1568 ms
27 Feb 2026 - 23:06:15.172 - org.hibernate.orm.jpa -  INFO  - HHH008540: Processing PersistenceUnitInfo [name: default]
27 Feb 2026 - 23:06:15.272 - org.hibernate.orm.core -  INFO  - HHH000001: Hibernate ORM core version 7.2.1.Final
27 Feb 2026 - 23:06:15.917 - o.s.o.j.p.SpringPersistenceUnitInfo -  INFO  - No LoadTimeWeaver setup: ignoring JPA class transformer
27 Feb 2026 - 23:06:15.972 - com.zaxxer.hikari.HikariDataSource -  INFO  - HikariPool-1 - Starting...
27 Feb 2026 - 23:06:19.391 - com.zaxxer.hikari.pool.HikariPool -  INFO  - HikariPool-1 - Added connection org.postgresql.jdbc.PgConnection@49d543a9
27 Feb 2026 - 23:06:19.393 - com.zaxxer.hikari.HikariDataSource -  INFO  - HikariPool-1 - Start completed.
27 Feb 2026 - 23:06:20.845 - o.hibernate.orm.connections.pooling -  INFO  - HHH10001005: Database info:
	Database JDBC URL [jdbc:postgresql://ep-billowing-mud-aiprlmtr-pooler.c-4.us-east-1.aws.neon.tech/gymdb?sslmode=require&channel_binding=require]
	Database driver: PostgreSQL JDBC Driver
	Database dialect: PostgreSQLDialect
	Database version: 17.8
	Default catalog/schema: gymdb/public
	Autocommit mode: undefined/unknown
	Isolation level: READ_COMMITTED [default READ_COMMITTED]
	JDBC fetch size: none
	Pool: DataSourceConnectionProvider
	Minimum pool size: undefined/unknown
	Maximum pool size: undefined/unknown
27 Feb 2026 - 23:06:22.356 - org.hibernate.orm.core -  INFO  - HHH000489: No JTA platform available (set 'hibernate.transaction.jta.platform' to enable JTA platform integration)
27 Feb 2026 - 23:06:29.054 - o.s.o.j.LocalContainerEntityManagerFactoryBean -  INFO  - Initialized JPA EntityManagerFactory for persistence unit 'default'
27 Feb 2026 - 23:06:29.176 - o.s.d.j.r.q.QueryEnhancerFactories -  INFO  - Hibernate is in classpath; If applicable, HQL parser will be used.
27 Feb 2026 - 23:06:29.991 - o.s.b.w.s.s.c.AnnotationConfigServletWebServerApplicationContext -  WARN  - Exception encountered during context initialization - cancelling refresh attempt: org.springframework.beans.factory.UnsatisfiedDependencyException: Error creating bean with name 'gymFacade' defined in file [G:\PROGRAMMING\Java Projects\epam_gym\gym\target\classes\com\epam\gym\facade\GymFacade.class]: Unsatisfied dependency expressed through constructor parameter 0: Error creating bean with name 'traineeService' defined in file [G:\PROGRAMMING\Java Projects\epam_gym\gym\target\classes\com\epam\gym\service\TraineeService.class]: Unsatisfied dependency expressed through constructor parameter 1: Error creating bean with name 'userService' defined in file [G:\PROGRAMMING\Java Projects\epam_gym\gym\target\classes\com\epam\gym\service\UserService.class]: Unsatisfied dependency expressed through constructor parameter 1: Error creating bean with name 'authService' defined in file [G:\PROGRAMMING\Java Projects\epam_gym\gym\target\classes\com\epam\gym\service\AuthService.class]: Unsatisfied dependency expressed through constructor parameter 0: Error creating bean with name 'userService': Requested bean is currently in creation: Is there an unresolvable circular reference or an asynchronous initialization dependency?
27 Feb 2026 - 23:06:29.992 - o.s.o.j.LocalContainerEntityManagerFactoryBean -  INFO  - Closing JPA EntityManagerFactory for persistence unit 'default'
27 Feb 2026 - 23:06:33.495 - com.zaxxer.hikari.HikariDataSource -  INFO  - HikariPool-1 - Shutdown initiated...
27 Feb 2026 - 23:06:35.643 - com.zaxxer.hikari.HikariDataSource -  INFO  - HikariPool-1 - Shutdown completed.
27 Feb 2026 - 23:06:35.646 - o.a.catalina.core.StandardService -  INFO  - Stopping service [Tomcat]
27 Feb 2026 - 23:06:35.663 - o.s.b.a.l.ConditionEvaluationReportLogger -  INFO  - 

Error starting ApplicationContext. To display the condition evaluation report re-run your application with 'debug' enabled.
27 Feb 2026 - 23:06:35.676 - o.s.b.d.LoggingFailureAnalysisReporter -  ERROR - 

***************************
APPLICATION FAILED TO START
***************************

Description:

The dependencies of some of the beans in the application context form a cycle:

   gymFacade defined in file [G:\PROGRAMMING\Java Projects\epam_gym\gym\target\classes\com\epam\gym\facade\GymFacade.class]
      ↓
   traineeService defined in file [G:\PROGRAMMING\Java Projects\epam_gym\gym\target\classes\com\epam\gym\service\TraineeService.class]
┌─────┐
|  userService defined in file [G:\PROGRAMMING\Java Projects\epam_gym\gym\target\classes\com\epam\gym\service\UserService.class]
↑     ↓
|  authService defined in file [G:\PROGRAMMING\Java Projects\epam_gym\gym\target\classes\com\epam\gym\service\AuthService.class]
└─────┘


Action:

Relying upon circular references is discouraged and they are prohibited by default. Update your application to remove the dependency cycle between beans. As a last resort, it may be possible to break the cycle automatically by setting spring.main.allow-circular-references to true.

27 Feb 2026 - 23:08:18.341 - com.epam.gym.GymApplication -  INFO  - Starting GymApplication using Java 21.0.9 with PID 25892 (G:\PROGRAMMING\Java Projects\epam_gym\gym\target\classes started by Sanjar in G:\PROGRAMMING\Java Projects\epam_gym\gym)
27 Feb 2026 - 23:08:18.356 - com.epam.gym.GymApplication -  INFO  - No active profile set, falling back to 1 default profile: "default"
27 Feb 2026 - 23:08:19.090 - o.s.d.r.c.RepositoryConfigurationDelegate -  INFO  - Bootstrapping Spring Data JPA repositories in DEFAULT mode.
27 Feb 2026 - 23:08:19.167 - o.s.d.r.c.RepositoryConfigurationDelegate -  INFO  - Finished Spring Data repository scanning in 65 ms. Found 6 JPA repository interfaces.
27 Feb 2026 - 23:08:19.663 - o.s.boot.tomcat.TomcatWebServer -  INFO  - Tomcat initialized with port 8080 (http)
27 Feb 2026 - 23:08:19.675 - o.a.catalina.core.StandardService -  INFO  - Starting service [Tomcat]
27 Feb 2026 - 23:08:19.675 - o.a.catalina.core.StandardEngine -  INFO  - Starting Servlet engine: [Apache Tomcat/11.0.15]
27 Feb 2026 - 23:08:19.718 - o.s.b.w.c.s.WebApplicationContextInitializer -  INFO  - Root WebApplicationContext: initialization completed in 1300 ms
27 Feb 2026 - 23:08:19.857 - org.hibernate.orm.jpa -  INFO  - HHH008540: Processing PersistenceUnitInfo [name: default]
27 Feb 2026 - 23:08:19.918 - org.hibernate.orm.core -  INFO  - HHH000001: Hibernate ORM core version 7.2.1.Final
27 Feb 2026 - 23:08:20.405 - o.s.o.j.p.SpringPersistenceUnitInfo -  INFO  - No LoadTimeWeaver setup: ignoring JPA class transformer
27 Feb 2026 - 23:08:20.437 - com.zaxxer.hikari.HikariDataSource -  INFO  - HikariPool-1 - Starting...
27 Feb 2026 - 23:08:22.690 - com.zaxxer.hikari.pool.HikariPool -  INFO  - HikariPool-1 - Added connection org.postgresql.jdbc.PgConnection@6bfdaa7a
27 Feb 2026 - 23:08:22.691 - com.zaxxer.hikari.HikariDataSource -  INFO  - HikariPool-1 - Start completed.
27 Feb 2026 - 23:08:24.057 - o.hibernate.orm.connections.pooling -  INFO  - HHH10001005: Database info:
	Database JDBC URL [jdbc:postgresql://ep-billowing-mud-aiprlmtr-pooler.c-4.us-east-1.aws.neon.tech/gymdb?sslmode=require&channel_binding=require]
	Database driver: PostgreSQL JDBC Driver
	Database dialect: PostgreSQLDialect
	Database version: 17.8
	Default catalog/schema: gymdb/public
	Autocommit mode: undefined/unknown
	Isolation level: READ_COMMITTED [default READ_COMMITTED]
	JDBC fetch size: none
	Pool: DataSourceConnectionProvider
	Minimum pool size: undefined/unknown
	Maximum pool size: undefined/unknown
27 Feb 2026 - 23:08:25.239 - org.hibernate.orm.core -  INFO  - HHH000489: No JTA platform available (set 'hibernate.transaction.jta.platform' to enable JTA platform integration)
27 Feb 2026 - 23:08:31.856 - o.s.o.j.LocalContainerEntityManagerFactoryBean -  INFO  - Initialized JPA EntityManagerFactory for persistence unit 'default'
27 Feb 2026 - 23:08:31.947 - o.s.d.j.r.q.QueryEnhancerFactories -  INFO  - Hibernate is in classpath; If applicable, HQL parser will be used.
27 Feb 2026 - 23:08:32.674 - o.s.b.w.s.s.c.AnnotationConfigServletWebServerApplicationContext -  WARN  - Exception encountered during context initialization - cancelling refresh attempt: org.springframework.beans.factory.UnsatisfiedDependencyException: Error creating bean with name 'gymFacade' defined in file [G:\PROGRAMMING\Java Projects\epam_gym\gym\target\classes\com\epam\gym\facade\GymFacade.class]: Unsatisfied dependency expressed through constructor parameter 0: Error creating bean with name 'traineeService' defined in file [G:\PROGRAMMING\Java Projects\epam_gym\gym\target\classes\com\epam\gym\service\TraineeService.class]: Unsatisfied dependency expressed through constructor parameter 1: Error creating bean with name 'userService': Unsatisfied dependency expressed through method 'setAuthService' parameter 0: Error creating bean with name 'authService' defined in file [G:\PROGRAMMING\Java Projects\epam_gym\gym\target\classes\com\epam\gym\service\AuthService.class]: Unsatisfied dependency expressed through constructor parameter 0: Error creating bean with name 'userService': Requested bean is currently in creation: Is there an unresolvable circular reference or an asynchronous initialization dependency?
27 Feb 2026 - 23:08:32.674 - o.s.o.j.LocalContainerEntityManagerFactoryBean -  INFO  - Closing JPA EntityManagerFactory for persistence unit 'default'
27 Feb 2026 - 23:08:36.153 - com.zaxxer.hikari.HikariDataSource -  INFO  - HikariPool-1 - Shutdown initiated...
27 Feb 2026 - 23:08:38.324 - com.zaxxer.hikari.HikariDataSource -  INFO  - HikariPool-1 - Shutdown completed.
27 Feb 2026 - 23:08:38.326 - o.a.catalina.core.StandardService -  INFO  - Stopping service [Tomcat]
27 Feb 2026 - 23:08:38.332 - o.s.b.a.l.ConditionEvaluationReportLogger -  INFO  - 

Error starting ApplicationContext. To display the condition evaluation report re-run your application with 'debug' enabled.
27 Feb 2026 - 23:08:38.345 - o.s.b.d.LoggingFailureAnalysisReporter -  ERROR - 

***************************
APPLICATION FAILED TO START
***************************

Description:

The dependencies of some of the beans in the application context form a cycle:

   gymFacade defined in file [G:\PROGRAMMING\Java Projects\epam_gym\gym\target\classes\com\epam\gym\facade\GymFacade.class]
      ↓
   traineeService defined in file [G:\PROGRAMMING\Java Projects\epam_gym\gym\target\classes\com\epam\gym\service\TraineeService.class]
┌─────┐
|  userService
↑     ↓
|  authService defined in file [G:\PROGRAMMING\Java Projects\epam_gym\gym\target\classes\com\epam\gym\service\AuthService.class]
└─────┘


Action:

Relying upon circular references is discouraged and they are prohibited by default. Update your application to remove the dependency cycle between beans. As a last resort, it may be possible to break the cycle automatically by setting spring.main.allow-circular-references to true.

27 Feb 2026 - 23:09:09.314 - com.epam.gym.GymApplication -  INFO  - Starting GymApplication using Java 21.0.9 with PID 2656 (G:\PROGRAMMING\Java Projects\epam_gym\gym\target\classes started by Sanjar in G:\PROGRAMMING\Java Projects\epam_gym\gym)
27 Feb 2026 - 23:09:09.326 - com.epam.gym.GymApplication -  INFO  - No active profile set, falling back to 1 default profile: "default"
27 Feb 2026 - 23:09:09.978 - o.s.d.r.c.RepositoryConfigurationDelegate -  INFO  - Bootstrapping Spring Data JPA repositories in DEFAULT mode.
27 Feb 2026 - 23:09:10.050 - o.s.d.r.c.RepositoryConfigurationDelegate -  INFO  - Finished Spring Data repository scanning in 63 ms. Found 6 JPA repository interfaces.
27 Feb 2026 - 23:09:10.547 - o.s.boot.tomcat.TomcatWebServer -  INFO  - Tomcat initialized with port 8080 (http)
27 Feb 2026 - 23:09:10.560 - o.a.catalina.core.StandardService -  INFO  - Starting service [Tomcat]
27 Feb 2026 - 23:09:10.561 - o.a.catalina.core.StandardEngine -  INFO  - Starting Servlet engine: [Apache Tomcat/11.0.15]
27 Feb 2026 - 23:09:10.616 - o.s.b.w.c.s.WebApplicationContextInitializer -  INFO  - Root WebApplicationContext: initialization completed in 1248 ms
27 Feb 2026 - 23:09:10.797 - org.hibernate.orm.jpa -  INFO  - HHH008540: Processing PersistenceUnitInfo [name: default]
27 Feb 2026 - 23:09:10.854 - org.hibernate.orm.core -  INFO  - HHH000001: Hibernate ORM core version 7.2.1.Final
27 Feb 2026 - 23:09:11.329 - o.s.o.j.p.SpringPersistenceUnitInfo -  INFO  - No LoadTimeWeaver setup: ignoring JPA class transformer
27 Feb 2026 - 23:09:11.363 - com.zaxxer.hikari.HikariDataSource -  INFO  - HikariPool-1 - Starting...
27 Feb 2026 - 23:09:13.739 - com.zaxxer.hikari.pool.HikariPool -  INFO  - HikariPool-1 - Added connection org.postgresql.jdbc.PgConnection@73be4cdd
27 Feb 2026 - 23:09:13.741 - com.zaxxer.hikari.HikariDataSource -  INFO  - HikariPool-1 - Start completed.
27 Feb 2026 - 23:09:15.188 - o.hibernate.orm.connections.pooling -  INFO  - HHH10001005: Database info:
	Database JDBC URL [jdbc:postgresql://ep-billowing-mud-aiprlmtr-pooler.c-4.us-east-1.aws.neon.tech/gymdb?sslmode=require&channel_binding=require]
	Database driver: PostgreSQL JDBC Driver
	Database dialect: PostgreSQLDialect
	Database version: 17.8
	Default catalog/schema: gymdb/public
	Autocommit mode: undefined/unknown
	Isolation level: READ_COMMITTED [default READ_COMMITTED]
	JDBC fetch size: none
	Pool: DataSourceConnectionProvider
	Minimum pool size: undefined/unknown
	Maximum pool size: undefined/unknown
27 Feb 2026 - 23:09:16.405 - org.hibernate.orm.core -  INFO  - HHH000489: No JTA platform available (set 'hibernate.transaction.jta.platform' to enable JTA platform integration)
27 Feb 2026 - 23:09:23.267 - o.s.o.j.LocalContainerEntityManagerFactoryBean -  INFO  - Initialized JPA EntityManagerFactory for persistence unit 'default'
27 Feb 2026 - 23:09:23.354 - o.s.d.j.r.q.QueryEnhancerFactories -  INFO  - Hibernate is in classpath; If applicable, HQL parser will be used.
27 Feb 2026 - 23:09:24.088 - o.s.b.w.s.s.c.AnnotationConfigServletWebServerApplicationContext -  WARN  - Exception encountered during context initialization - cancelling refresh attempt: org.springframework.beans.factory.UnsatisfiedDependencyException: Error creating bean with name 'gymFacade' defined in file [G:\PROGRAMMING\Java Projects\epam_gym\gym\target\classes\com\epam\gym\facade\GymFacade.class]: Unsatisfied dependency expressed through constructor parameter 0: Error creating bean with name 'traineeService' defined in file [G:\PROGRAMMING\Java Projects\epam_gym\gym\target\classes\com\epam\gym\service\TraineeService.class]: Unsatisfied dependency expressed through constructor parameter 1: Error creating bean with name 'userService': Unsatisfied dependency expressed through method 'setAuthService' parameter 0: Error creating bean with name 'authService': Unsatisfied dependency expressed through method 'setUserService' parameter 0: Error creating bean with name 'userService': Requested bean is currently in creation: Is there an unresolvable circular reference or an asynchronous initialization dependency?
27 Feb 2026 - 23:09:24.088 - o.s.o.j.LocalContainerEntityManagerFactoryBean -  INFO  - Closing JPA EntityManagerFactory for persistence unit 'default'
27 Feb 2026 - 23:09:27.752 - com.zaxxer.hikari.HikariDataSource -  INFO  - HikariPool-1 - Shutdown initiated...
27 Feb 2026 - 23:09:29.953 - com.zaxxer.hikari.HikariDataSource -  INFO  - HikariPool-1 - Shutdown completed.
27 Feb 2026 - 23:09:29.955 - o.a.catalina.core.StandardService -  INFO  - Stopping service [Tomcat]
27 Feb 2026 - 23:09:29.966 - o.s.b.a.l.ConditionEvaluationReportLogger -  INFO  - 

Error starting ApplicationContext. To display the condition evaluation report re-run your application with 'debug' enabled.
27 Feb 2026 - 23:09:29.986 - o.s.b.d.LoggingFailureAnalysisReporter -  ERROR - 

***************************
APPLICATION FAILED TO START
***************************

Description:

The dependencies of some of the beans in the application context form a cycle:

   gymFacade defined in file [G:\PROGRAMMING\Java Projects\epam_gym\gym\target\classes\com\epam\gym\facade\GymFacade.class]
      ↓
   traineeService defined in file [G:\PROGRAMMING\Java Projects\epam_gym\gym\target\classes\com\epam\gym\service\TraineeService.class]
┌─────┐
|  userService
↑     ↓
|  authService
└─────┘


Action:

Relying upon circular references is discouraged and they are prohibited by default. Update your application to remove the dependency cycle between beans. As a last resort, it may be possible to break the cycle automatically by setting spring.main.allow-circular-references to true.

27 Feb 2026 - 23:15:12.544 - com.epam.gym.GymApplication -  INFO  - Starting GymApplication using Java 21.0.9 with PID 26364 (G:\PROGRAMMING\Java Projects\epam_gym\gym\target\classes started by Sanjar in G:\PROGRAMMING\Java Projects\epam_gym\gym)
27 Feb 2026 - 23:15:12.559 - com.epam.gym.GymApplication -  INFO  - No active profile set, falling back to 1 default profile: "default"
27 Feb 2026 - 23:15:13.255 - o.s.d.r.c.RepositoryConfigurationDelegate -  INFO  - Bootstrapping Spring Data JPA repositories in DEFAULT mode.
27 Feb 2026 - 23:15:13.330 - o.s.d.r.c.RepositoryConfigurationDelegate -  INFO  - Finished Spring Data repository scanning in 64 ms. Found 6 JPA repository interfaces.
27 Feb 2026 - 23:15:13.867 - o.s.boot.tomcat.TomcatWebServer -  INFO  - Tomcat initialized with port 8080 (http)
27 Feb 2026 - 23:15:13.882 - o.a.catalina.core.StandardService -  INFO  - Starting service [Tomcat]
27 Feb 2026 - 23:15:13.883 - o.a.catalina.core.StandardEngine -  INFO  - Starting Servlet engine: [Apache Tomcat/11.0.15]
27 Feb 2026 - 23:15:13.941 - o.s.b.w.c.s.WebApplicationContextInitializer -  INFO  - Root WebApplicationContext: initialization completed in 1337 ms
27 Feb 2026 - 23:15:14.264 - org.hibernate.orm.jpa -  INFO  - HHH008540: Processing PersistenceUnitInfo [name: default]
27 Feb 2026 - 23:15:14.372 - org.hibernate.orm.core -  INFO  - HHH000001: Hibernate ORM core version 7.2.1.Final
27 Feb 2026 - 23:15:15.013 - o.s.o.j.p.SpringPersistenceUnitInfo -  INFO  - No LoadTimeWeaver setup: ignoring JPA class transformer
27 Feb 2026 - 23:15:15.055 - com.zaxxer.hikari.HikariDataSource -  INFO  - HikariPool-1 - Starting...
27 Feb 2026 - 23:15:17.649 - com.zaxxer.hikari.pool.HikariPool -  INFO  - HikariPool-1 - Added connection org.postgresql.jdbc.PgConnection@7e3d168e
27 Feb 2026 - 23:15:17.651 - com.zaxxer.hikari.HikariDataSource -  INFO  - HikariPool-1 - Start completed.
27 Feb 2026 - 23:15:19.071 - o.hibernate.orm.connections.pooling -  INFO  - HHH10001005: Database info:
	Database JDBC URL [jdbc:postgresql://ep-billowing-mud-aiprlmtr-pooler.c-4.us-east-1.aws.neon.tech/gymdb?sslmode=require&channel_binding=require]
	Database driver: PostgreSQL JDBC Driver
	Database dialect: PostgreSQLDialect
	Database version: 17.8
	Default catalog/schema: gymdb/public
	Autocommit mode: undefined/unknown
	Isolation level: READ_COMMITTED [default READ_COMMITTED]
	JDBC fetch size: none
	Pool: DataSourceConnectionProvider
	Minimum pool size: undefined/unknown
	Maximum pool size: undefined/unknown
27 Feb 2026 - 23:15:20.685 - org.hibernate.orm.core -  INFO  - HHH000489: No JTA platform available (set 'hibernate.transaction.jta.platform' to enable JTA platform integration)
27 Feb 2026 - 23:15:27.401 - o.s.o.j.LocalContainerEntityManagerFactoryBean -  INFO  - Initialized JPA EntityManagerFactory for persistence unit 'default'
27 Feb 2026 - 23:15:27.518 - o.s.d.j.r.q.QueryEnhancerFactories -  INFO  - Hibernate is in classpath; If applicable, HQL parser will be used.
27 Feb 2026 - 23:15:28.405 - o.s.b.w.s.s.c.AnnotationConfigServletWebServerApplicationContext -  WARN  - Exception encountered during context initialization - cancelling refresh attempt: org.springframework.beans.factory.UnsatisfiedDependencyException: Error creating bean with name 'gymFacade' defined in file [G:\PROGRAMMING\Java Projects\epam_gym\gym\target\classes\com\epam\gym\facade\GymFacade.class]: Unsatisfied dependency expressed through constructor parameter 0: Error creating bean with name 'traineeService' defined in file [G:\PROGRAMMING\Java Projects\epam_gym\gym\target\classes\com\epam\gym\service\TraineeService.class]: Unsatisfied dependency expressed through constructor parameter 1: Error creating bean with name 'userService': Unsatisfied dependency expressed through method 'setAuthService' parameter 0: Error creating bean with name 'authService': Unsatisfied dependency expressed through method 'setUserService' parameter 0: Error creating bean with name 'userService': Requested bean is currently in creation: Is there an unresolvable circular reference or an asynchronous initialization dependency?
27 Feb 2026 - 23:15:28.406 - o.s.o.j.LocalContainerEntityManagerFactoryBean -  INFO  - Closing JPA EntityManagerFactory for persistence unit 'default'
27 Feb 2026 - 23:15:31.980 - com.zaxxer.hikari.HikariDataSource -  INFO  - HikariPool-1 - Shutdown initiated...
27 Feb 2026 - 23:15:33.753 - com.zaxxer.hikari.HikariDataSource -  INFO  - HikariPool-1 - Shutdown completed.
27 Feb 2026 - 23:15:33.756 - o.a.catalina.core.StandardService -  INFO  - Stopping service [Tomcat]
27 Feb 2026 - 23:15:33.763 - o.s.b.a.l.ConditionEvaluationReportLogger -  INFO  - 

Error starting ApplicationContext. To display the condition evaluation report re-run your application with 'debug' enabled.
27 Feb 2026 - 23:15:33.777 - o.s.b.d.LoggingFailureAnalysisReporter -  ERROR - 

***************************
APPLICATION FAILED TO START
***************************

Description:

The dependencies of some of the beans in the application context form a cycle:

   gymFacade defined in file [G:\PROGRAMMING\Java Projects\epam_gym\gym\target\classes\com\epam\gym\facade\GymFacade.class]
      ↓
   traineeService defined in file [G:\PROGRAMMING\Java Projects\epam_gym\gym\target\classes\com\epam\gym\service\TraineeService.class]
┌─────┐
|  userService
↑     ↓
|  authService
└─────┘


Action:

Relying upon circular references is discouraged and they are prohibited by default. Update your application to remove the dependency cycle between beans. As a last resort, it may be possible to break the cycle automatically by setting spring.main.allow-circular-references to true.

27 Feb 2026 - 23:15:46.367 - com.epam.gym.GymApplication -  INFO  - Starting GymApplication using Java 21.0.9 with PID 12248 (G:\PROGRAMMING\Java Projects\epam_gym\gym\target\classes started by Sanjar in G:\PROGRAMMING\Java Projects\epam_gym\gym)
27 Feb 2026 - 23:15:46.378 - com.epam.gym.GymApplication -  INFO  - No active profile set, falling back to 1 default profile: "default"
27 Feb 2026 - 23:15:47.073 - o.s.d.r.c.RepositoryConfigurationDelegate -  INFO  - Bootstrapping Spring Data JPA repositories in DEFAULT mode.
27 Feb 2026 - 23:15:47.167 - o.s.d.r.c.RepositoryConfigurationDelegate -  INFO  - Finished Spring Data repository scanning in 83 ms. Found 6 JPA repository interfaces.
27 Feb 2026 - 23:15:47.614 - o.s.boot.tomcat.TomcatWebServer -  INFO  - Tomcat initialized with port 8080 (http)
27 Feb 2026 - 23:15:47.627 - o.a.catalina.core.StandardService -  INFO  - Starting service [Tomcat]
27 Feb 2026 - 23:15:47.627 - o.a.catalina.core.StandardEngine -  INFO  - Starting Servlet engine: [Apache Tomcat/11.0.15]
27 Feb 2026 - 23:15:47.669 - o.s.b.w.c.s.WebApplicationContextInitializer -  INFO  - Root WebApplicationContext: initialization completed in 1250 ms
27 Feb 2026 - 23:15:47.801 - org.hibernate.orm.jpa -  INFO  - HHH008540: Processing PersistenceUnitInfo [name: default]
27 Feb 2026 - 23:15:47.871 - org.hibernate.orm.core -  INFO  - HHH000001: Hibernate ORM core version 7.2.1.Final
27 Feb 2026 - 23:15:48.314 - o.s.o.j.p.SpringPersistenceUnitInfo -  INFO  - No LoadTimeWeaver setup: ignoring JPA class transformer
27 Feb 2026 - 23:15:48.346 - com.zaxxer.hikari.HikariDataSource -  INFO  - HikariPool-1 - Starting...
27 Feb 2026 - 23:15:50.589 - com.zaxxer.hikari.pool.HikariPool -  INFO  - HikariPool-1 - Added connection org.postgresql.jdbc.PgConnection@6bfdaa7a
27 Feb 2026 - 23:15:50.591 - com.zaxxer.hikari.HikariDataSource -  INFO  - HikariPool-1 - Start completed.
27 Feb 2026 - 23:15:51.980 - o.hibernate.orm.connections.pooling -  INFO  - HHH10001005: Database info:
	Database JDBC URL [jdbc:postgresql://ep-billowing-mud-aiprlmtr-pooler.c-4.us-east-1.aws.neon.tech/gymdb?sslmode=require&channel_binding=require]
	Database driver: PostgreSQL JDBC Driver
	Database dialect: PostgreSQLDialect
	Database version: 17.8
	Default catalog/schema: gymdb/public
	Autocommit mode: undefined/unknown
	Isolation level: READ_COMMITTED [default READ_COMMITTED]
	JDBC fetch size: none
	Pool: DataSourceConnectionProvider
	Minimum pool size: undefined/unknown
	Maximum pool size: undefined/unknown
27 Feb 2026 - 23:15:53.158 - org.hibernate.orm.core -  INFO  - HHH000489: No JTA platform available (set 'hibernate.transaction.jta.platform' to enable JTA platform integration)
27 Feb 2026 - 23:15:59.666 - o.s.o.j.LocalContainerEntityManagerFactoryBean -  INFO  - Initialized JPA EntityManagerFactory for persistence unit 'default'
27 Feb 2026 - 23:15:59.753 - o.s.d.j.r.q.QueryEnhancerFactories -  INFO  - Hibernate is in classpath; If applicable, HQL parser will be used.
27 Feb 2026 - 23:16:00.620 - o.s.b.j.a.JpaBaseConfiguration$JpaWebConfiguration -  WARN  - spring.jpa.open-in-view is enabled by default. Therefore, database queries may be performed during view rendering. Explicitly configure spring.jpa.open-in-view to disable this warning
27 Feb 2026 - 23:16:00.981 - o.s.boot.tomcat.TomcatWebServer -  INFO  - Tomcat started on port 8080 (http) with context path '/'
27 Feb 2026 - 23:16:00.986 - com.epam.gym.GymApplication -  INFO  - Started GymApplication in 15.106 seconds (process running for 15.804)
27 Feb 2026 - 23:16:01.597 - org.flywaydb.core.FlywayExecutor -  INFO  - Database: jdbc:postgresql://ep-billowing-mud-aiprlmtr-pooler.c-4.us-east-1.aws.neon.tech/gymdb?sslmode=require&channel_binding=require (PostgreSQL 17.8)
27 Feb 2026 - 23:16:04.451 - o.f.core.internal.command.DbValidate -  INFO  - Successfully validated 3 migrations (execution time 00:00.887s)
27 Feb 2026 - 23:16:07.285 - o.f.core.internal.command.DbMigrate -  INFO  - Current version of schema "public": 2
27 Feb 2026 - 23:16:07.503 - o.f.core.internal.command.DbMigrate -  INFO  - Schema "public" is up to date. No migration necessary.
27 Feb 2026 - 23:16:08.013 - o.s.boot.tomcat.GracefulShutdown -  INFO  - Commencing graceful shutdown. Waiting for active requests to complete
27 Feb 2026 - 23:16:08.020 - o.s.boot.tomcat.GracefulShutdown -  INFO  - Graceful shutdown complete
27 Feb 2026 - 23:16:08.025 - o.s.o.j.LocalContainerEntityManagerFactoryBean -  INFO  - Closing JPA EntityManagerFactory for persistence unit 'default'
27 Feb 2026 - 23:16:11.646 - com.zaxxer.hikari.HikariDataSource -  INFO  - HikariPool-1 - Shutdown initiated...
27 Feb 2026 - 23:16:13.857 - com.zaxxer.hikari.HikariDataSource -  INFO  - HikariPool-1 - Shutdown completed.
